<?xml version="1.0" encoding="UTF-8"?>
<!-- Generated by org.testng.reporters.JUnitXMLReporter -->
<testsuite ignored="2" hostname="DESKTOP-MD8Q4RB" failures="0" tests="1" name="Default test" time="22.792" errors="0" timestamp="2020-05-14T00:57:53 IST">
  <testcase classname="com.amazon.qa.extentReport.ExtentReport4" name="newWindow" time="1.785"/>
  <testcase classname="com.amazon.qa.extentReport.ExtentReport4" name="testi" time="0.0">
    <ignored/>
  </testcase> <!-- testi -->
  <testcase classname="com.amazon.qa.extentReport.ExtentReport4" name="urltest" time="0.0">
    <ignored/>
  </testcase> <!-- urltest -->
</testsuite> <!-- Default test -->
