<?xml version="1.0" encoding="UTF-8"?>
<testng-results ignored="0" total="2" passed="2" failed="0" skipped="0">
  <reporter-output>
  </reporter-output>
  <suite started-at="2020-05-19T20:10:08 IST" name="Default suite" finished-at="2020-05-19T20:10:08 IST" duration-ms="225">
    <groups>
    </groups>
    <test started-at="2020-05-19T20:10:08 IST" name="Default test" finished-at="2020-05-19T20:10:08 IST" duration-ms="225">
      <class name="com.amazon.qa.datafiles.Xls_Reader">
        <test-method signature="testdata(java.lang.String, java.lang.String, java.lang.String)[pri:0, instance:com.amazon.qa.datafiles.Xls_Reader@7880cdf3]" started-at="2020-05-19T20:10:08 IST" name="testdata" data-provider="mydate" finished-at="2020-05-19T20:10:08 IST" duration-ms="9" status="PASS">
          <params>
            <param index="0">
              <value>
                <![CDATA[bkanushajoshi@gmail.com]]>
              </value>
            </param>
            <param index="1">
              <value>
                <![CDATA[Anu_2020]]>
              </value>
            </param>
            <param index="2">
              <value>
                <![CDATA[122418]]>
              </value>
            </param>
          </params>
          <reporter-output>
          </reporter-output>
        </test-method> <!-- testdata -->
        <test-method signature="testdata(java.lang.String, java.lang.String, java.lang.String)[pri:0, instance:com.amazon.qa.datafiles.Xls_Reader@7880cdf3]" started-at="2020-05-19T20:10:08 IST" name="testdata" data-provider="mydate" finished-at="2020-05-19T20:10:08 IST" duration-ms="3" status="PASS">
          <params>
            <param index="0">
              <value>
                <![CDATA[anushabk888@gmail.com]]>
              </value>
            </param>
            <param index="1">
              <value>
                <![CDATA[Anu_2020]]>
              </value>
            </param>
            <param index="2">
              <value>
                <![CDATA[122418]]>
              </value>
            </param>
          </params>
          <reporter-output>
          </reporter-output>
        </test-method> <!-- testdata -->
      </class> <!-- com.amazon.qa.datafiles.Xls_Reader -->
    </test> <!-- Default test -->
  </suite> <!-- Default suite -->
</testng-results>
